Arguments: 
  /usr/local/bin/node /usr/local/Cellar/yarn/1.12.1/libexec/bin/yarn.js init

PATH: 
  /Library/Frameworks/Python.framework/Versions/2.7/bin:/usr/local/bin:/usr/bin:/bin:/usr/sbin:/sbin:/opt/X11/bin:/Library/Frameworks/Python.framework/Versions/2.7/bin:/Users/suhabaobaid/Library/Android/sdk/tools:/Users/suhabaobaid/Library/Android/sdk/tools/bin:/Users/suhabaobaid/Library/Android/sdk/platform-tools:/Users/suhabaobaid/Library/Android/sdk/tools:/Users/suhabaobaid/Library/Android/sdk/tools/bin:/Users/suhabaobaid/Library/Android/sdk/platform-tools

Yarn version: 
  1.12.1

Node version: 
  10.3.0

Platform: 
  darwin x64

Trace: 
  Error: canceled
      at Interface.<anonymous> (/usr/local/Cellar/yarn/1.12.1/libexec/lib/cli.js:120807:13)
      at Interface.emit (events.js:182:13)
      at Interface._ttyWrite (readline.js:783:16)
      at ReadStream.onkeypress (readline.js:168:10)
      at ReadStream.emit (events.js:182:13)
      at emitKeys (internal/readline.js:422:14)
      at emitKeys.next (<anonymous>)
      at ReadStream.onData (readline.js:1022:36)
      at ReadStream.emit (events.js:182:13)
      at addChunk (_stream_readable.js:279:12)

npm manifest: 
  No manifest

yarn manifest: 
  No manifest

Lockfile: 
  No lockfile
